
> cryptosite-client@1.0.0 build
> vite build

vite v6.4.1 building for production...
transforming...
✓ 25 modules transformed.
✗ Build failed in 3.47s
error during build:
[vite:esbuild] Transform failed with 3 errors:
/home/paulsmithdev/Desktop/cryptosite/client/src/pages/ResetPasswordPage.tsx:147:12: ERROR: Unexpected closing "div" tag does not match opening "section" tag
/home/paulsmithdev/Desktop/cryptosite/client/src/pages/ResetPasswordPage.tsx:148:12: ERROR: Unexpected closing "section" tag does not match opening "div" tag
/home/paulsmithdev/Desktop/cryptosite/client/src/pages/ResetPasswordPage.tsx:151:10: ERROR: Unterminated regular expression
file: /home/paulsmithdev/Desktop/cryptosite/client/src/pages/ResetPasswordPage.tsx:147:12

Unexpected closing "div" tag does not match opening "section" tag
145|            </div>
146|            </div>
147|            </div>
   |              ^
148|            </section>
149|          </div>

Unexpected closing "section" tag does not match opening "div" tag
146|            </div>
147|            </div>
148|            </section>
   |              ^
149|          </div>
150|        </div>

Unterminated regular expression
149|          </div>
150|        </div>
151|      </div>
   |            ^
152|    );
153|  }

    at failureErrorWithLog (/home/paulsmithdev/Desktop/cryptosite/node_modules/esbuild/lib/main.js:1467:15)
    at /home/paulsmithdev/Desktop/cryptosite/node_modules/esbuild/lib/main.js:736:50
    at responseCallbacks.<computed> (/home/paulsmithdev/Desktop/cryptosite/node_modules/esbuild/lib/main.js:603:9)
    at handleIncomingPacket (/home/paulsmithdev/Desktop/cryptosite/node_modules/esbuild/lib/main.js:658:12)
    at Socket.readFromStdout (/home/paulsmithdev/Desktop/cryptosite/node_modules/esbuild/lib/main.js:581:7)
    at Socket.emit (node:events:524:28)
    at addChunk (node:internal/streams/readable:561:12)
    at readableAddChunkPushByteMode (node:internal/streams/readable:512:3)
    at Readable.push (node:internal/streams/readable:392:5)
    at Pipe.onStreamRead (node:internal/stream_base_commons:191:23)
npm error Lifecycle script `build` failed with error:
npm error code 1
npm error path /home/paulsmithdev/Desktop/cryptosite/client
npm error workspace cryptosite-client@1.0.0
npm error location /home/paulsmithdev/Desktop/cryptosite/client
npm error command failed
npm error command sh -c vite build
